<?xml version="1.0" encoding="UTF-8"?>
<testng-results ignored="0" total="15" passed="14" failed="1" skipped="0">
  <reporter-output>
  </reporter-output>
  <suite started-at="2026-05-27T22:38:36 EDT" name="Surefire suite" finished-at="2026-05-27T22:40:33 EDT" duration-ms="117012">
    <groups>
      <group name="cucumber">
        <method signature="AbstractTestNGCucumberTests.runScenario(io.cucumber.testng.PickleWrapper,io.cucumber.testng.FeatureWrapper)[pri:0, instance:runners.TestRunner@1460a8c0]" name="runScenario" class="io.cucumber.testng.AbstractTestNGCucumberTests"/>
      </group> <!-- cucumber -->
    </groups>
    <test started-at="2026-05-27T22:38:36 EDT" name="Surefire test" finished-at="2026-05-27T22:40:33 EDT" duration-ms="117012">
      <class name="runners.TestRunner">
        <test-method is-config="true" signature="setUpClass(org.testng.ITestContext)[pri:0, instance:runners.TestRunner@1460a8c0]" started-at="2026-05-27T22:38:36 EDT" name="setUpClass" finished-at="2026-05-27T22:38:37 EDT" duration-ms="1130" status="PASS">
          <params>
            <param index="0">
              <value>
                <![CDATA[org.testng.TestRunner@2f6bcf87]]>
              </value>
            </param>
          </params>
          <reporter-output>
          </reporter-output>
        </test-method> <!-- setUpClass -->
        <test-method signature="runScenario(io.cucumber.testng.PickleWrapper,io.cucumber.testng.FeatureWrapper)[pri:0, instance:runners.TestRunner@1460a8c0]" started-at="2026-05-27T22:38:37 EDT" name="runScenario" description="Runs Cucumber Scenarios" data-provider="scenarios" finished-at="2026-05-27T22:39:14 EDT" duration-ms="36825" status="PASS">
          <params>
            <param index="0">
              <value>
                <![CDATA["Add product to cart"]]>
              </value>
            </param>
            <param index="1">
              <value>
                <![CDATA["Cart Functionality"]]>
              </value>
            </param>
          </params>
          <reporter-output>
          </reporter-output>
        </test-method> <!-- runScenario -->
        <test-method signature="runScenario(io.cucumber.testng.PickleWrapper,io.cucumber.testng.FeatureWrapper)[pri:0, instance:runners.TestRunner@1460a8c0]" started-at="2026-05-27T22:39:14 EDT" name="runScenario" description="Runs Cucumber Scenarios" data-provider="scenarios" finished-at="2026-05-27T22:39:25 EDT" duration-ms="10937" status="PASS">
          <params>
            <param index="0">
              <value>
                <![CDATA["Remove product from cart"]]>
              </value>
            </param>
            <param index="1">
              <value>
                <![CDATA["Cart Functionality"]]>
              </value>
            </param>
          </params>
          <reporter-output>
          </reporter-output>
        </test-method> <!-- runScenario -->
        <test-method signature="runScenario(io.cucumber.testng.PickleWrapper,io.cucumber.testng.FeatureWrapper)[pri:0, instance:runners.TestRunner@1460a8c0]" started-at="2026-05-27T22:39:25 EDT" name="runScenario" description="Runs Cucumber Scenarios" data-provider="scenarios" finished-at="2026-05-27T22:39:31 EDT" duration-ms="6385" status="PASS">
          <params>
            <param index="0">
              <value>
                <![CDATA["Registered user can reset password"]]>
              </value>
            </param>
            <param index="1">
              <value>
                <![CDATA["Forgot Password functionality"]]>
              </value>
            </param>
          </params>
          <reporter-output>
          </reporter-output>
        </test-method> <!-- runScenario -->
        <test-method signature="runScenario(io.cucumber.testng.PickleWrapper,io.cucumber.testng.FeatureWrapper)[pri:0, instance:runners.TestRunner@1460a8c0]" started-at="2026-05-27T22:39:31 EDT" name="runScenario" description="Runs Cucumber Scenarios" data-provider="scenarios" finished-at="2026-05-27T22:39:37 EDT" duration-ms="6112" status="PASS">
          <params>
            <param index="0">
              <value>
                <![CDATA["Unregistered user cannot reset password"]]>
              </value>
            </param>
            <param index="1">
              <value>
                <![CDATA["Forgot Password functionality"]]>
              </value>
            </param>
          </params>
          <reporter-output>
          </reporter-output>
        </test-method> <!-- runScenario -->
        <test-method signature="runScenario(io.cucumber.testng.PickleWrapper,io.cucumber.testng.FeatureWrapper)[pri:0, instance:runners.TestRunner@1460a8c0]" started-at="2026-05-27T22:39:37 EDT" name="runScenario" description="Runs Cucumber Scenarios" data-provider="scenarios" finished-at="2026-05-27T22:39:41 EDT" duration-ms="3863" status="PASS">
          <params>
            <param index="0">
              <value>
                <![CDATA["Login with valid credentials"]]>
              </value>
            </param>
            <param index="1">
              <value>
                <![CDATA["Login Functionality"]]>
              </value>
            </param>
          </params>
          <reporter-output>
          </reporter-output>
        </test-method> <!-- runScenario -->
        <test-method signature="runScenario(io.cucumber.testng.PickleWrapper,io.cucumber.testng.FeatureWrapper)[pri:0, instance:runners.TestRunner@1460a8c0]" started-at="2026-05-27T22:39:41 EDT" name="runScenario" description="Runs Cucumber Scenarios" data-provider="scenarios" finished-at="2026-05-27T22:39:45 EDT" duration-ms="3786" status="PASS">
          <params>
            <param index="0">
              <value>
                <![CDATA["Login with invalid credentials"]]>
              </value>
            </param>
            <param index="1">
              <value>
                <![CDATA["Login Functionality"]]>
              </value>
            </param>
          </params>
          <reporter-output>
          </reporter-output>
        </test-method> <!-- runScenario -->
        <test-method signature="runScenario(io.cucumber.testng.PickleWrapper,io.cucumber.testng.FeatureWrapper)[pri:0, instance:runners.TestRunner@1460a8c0]" started-at="2026-05-27T22:39:45 EDT" name="runScenario" description="Runs Cucumber Scenarios" data-provider="scenarios" finished-at="2026-05-27T22:39:52 EDT" duration-ms="6872" status="PASS">
          <params>
            <param index="0">
              <value>
                <![CDATA["Logged in user should be able to logout"]]>
              </value>
            </param>
            <param index="1">
              <value>
                <![CDATA["Logout Functionality"]]>
              </value>
            </param>
          </params>
          <reporter-output>
          </reporter-output>
        </test-method> <!-- runScenario -->
        <test-method signature="runScenario(io.cucumber.testng.PickleWrapper,io.cucumber.testng.FeatureWrapper)[pri:0, instance:runners.TestRunner@1460a8c0]" started-at="2026-05-27T22:39:52 EDT" name="runScenario" description="Runs Cucumber Scenarios" data-provider="scenarios" finished-at="2026-05-27T22:40:00 EDT" duration-ms="8747" status="PASS">
          <params>
            <param index="0">
              <value>
                <![CDATA["Successful user registration with valid email"]]>
              </value>
            </param>
            <param index="1">
              <value>
                <![CDATA["User Registration"]]>
              </value>
            </param>
          </params>
          <reporter-output>
          </reporter-output>
        </test-method> <!-- runScenario -->
        <test-method signature="runScenario(io.cucumber.testng.PickleWrapper,io.cucumber.testng.FeatureWrapper)[pri:0, instance:runners.TestRunner@1460a8c0]" started-at="2026-05-27T22:40:00 EDT" name="runScenario" description="Runs Cucumber Scenarios" data-provider="scenarios" finished-at="2026-05-27T22:40:09 EDT" duration-ms="8451" status="PASS">
          <params>
            <param index="0">
              <value>
                <![CDATA["Registration should fail with invalid email"]]>
              </value>
            </param>
            <param index="1">
              <value>
                <![CDATA["User Registration"]]>
              </value>
            </param>
          </params>
          <reporter-output>
          </reporter-output>
        </test-method> <!-- runScenario -->
        <test-method signature="runScenario(io.cucumber.testng.PickleWrapper,io.cucumber.testng.FeatureWrapper)[pri:0, instance:runners.TestRunner@1460a8c0]" started-at="2026-05-27T22:40:09 EDT" name="runScenario" description="Runs Cucumber Scenarios" data-provider="scenarios" finished-at="2026-05-27T22:40:16 EDT" duration-ms="7516" status="FAIL">
          <params>
            <param index="0">
              <value>
                <![CDATA["R-01 Add multiple products to cart"]]>
              </value>
            </param>
            <param index="1">
              <value>
                <![CDATA["Regression Test Suite"]]>
              </value>
            </param>
          </params>
          <exception class="java.lang.AssertionError">
            <message>
              <![CDATA[❌ No products found in cart after adding expected [true] but found [false]]]>
            </message>
            <full-stacktrace>
              <![CDATA[java.lang.AssertionError: ❌ No products found in cart after adding expected [true] but found [false]
at org.testng.Assert.fail(Assert.java:111)
at org.testng.Assert.failNotEquals(Assert.java:1578)
at org.testng.Assert.assertTrue(Assert.java:57)
at stepdefinitions.CommonSteps.products_should_be_added_successfully(CommonSteps.java:78)
at ✽.Products should be added successfully(file:///Users/ranajitchowdhury/eclipse-workspace/QaBrainsAutomationPlaywright/src/test/resources/features/RegressionTests.feature:10)
]]>
            </full-stacktrace>
          </exception> <!-- java.lang.AssertionError -->
          <reporter-output>
          </reporter-output>
        </test-method> <!-- runScenario -->
        <test-method signature="runScenario(io.cucumber.testng.PickleWrapper,io.cucumber.testng.FeatureWrapper)[pri:0, instance:runners.TestRunner@1460a8c0]" started-at="2026-05-27T22:40:16 EDT" name="runScenario" description="Runs Cucumber Scenarios" data-provider="scenarios" finished-at="2026-05-27T22:40:19 EDT" duration-ms="2426" status="PASS">
          <params>
            <param index="0">
              <value>
                <![CDATA["R-02 Update product quantity"]]>
              </value>
            </param>
            <param index="1">
              <value>
                <![CDATA["Regression Test Suite"]]>
              </value>
            </param>
          </params>
          <reporter-output>
          </reporter-output>
        </test-method> <!-- runScenario -->
        <test-method signature="runScenario(io.cucumber.testng.PickleWrapper,io.cucumber.testng.FeatureWrapper)[pri:0, instance:runners.TestRunner@1460a8c0]" started-at="2026-05-27T22:40:19 EDT" name="runScenario" description="Runs Cucumber Scenarios" data-provider="scenarios" finished-at="2026-05-27T22:40:21 EDT" duration-ms="2140" status="PASS">
          <params>
            <param index="0">
              <value>
                <![CDATA["R-03 Search invalid item"]]>
              </value>
            </param>
            <param index="1">
              <value>
                <![CDATA["Regression Test Suite"]]>
              </value>
            </param>
          </params>
          <reporter-output>
          </reporter-output>
        </test-method> <!-- runScenario -->
        <test-method signature="runScenario(io.cucumber.testng.PickleWrapper,io.cucumber.testng.FeatureWrapper)[pri:0, instance:runners.TestRunner@1460a8c0]" started-at="2026-05-27T22:40:21 EDT" name="runScenario" description="Runs Cucumber Scenarios" data-provider="scenarios" finished-at="2026-05-27T22:40:25 EDT" duration-ms="3513" status="PASS">
          <params>
            <param index="0">
              <value>
                <![CDATA["S-01 Verify Home page loads"]]>
              </value>
            </param>
            <param index="1">
              <value>
                <![CDATA["Smoke Test Suite"]]>
              </value>
            </param>
          </params>
          <reporter-output>
          </reporter-output>
        </test-method> <!-- runScenario -->
        <test-method signature="runScenario(io.cucumber.testng.PickleWrapper,io.cucumber.testng.FeatureWrapper)[pri:0, instance:runners.TestRunner@1460a8c0]" started-at="2026-05-27T22:40:25 EDT" name="runScenario" description="Runs Cucumber Scenarios" data-provider="scenarios" finished-at="2026-05-27T22:40:29 EDT" duration-ms="4236" status="PASS">
          <params>
            <param index="0">
              <value>
                <![CDATA["S-02 Verify navigation links"]]>
              </value>
            </param>
            <param index="1">
              <value>
                <![CDATA["Smoke Test Suite"]]>
              </value>
            </param>
          </params>
          <reporter-output>
          </reporter-output>
        </test-method> <!-- runScenario -->
        <test-method signature="runScenario(io.cucumber.testng.PickleWrapper,io.cucumber.testng.FeatureWrapper)[pri:0, instance:runners.TestRunner@1460a8c0]" started-at="2026-05-27T22:40:29 EDT" name="runScenario" description="Runs Cucumber Scenarios" data-provider="scenarios" finished-at="2026-05-27T22:40:33 EDT" duration-ms="3737" status="PASS">
          <params>
            <param index="0">
              <value>
                <![CDATA["S-03 Verify wishlist and refer a friend functionality"]]>
              </value>
            </param>
            <param index="1">
              <value>
                <![CDATA["Smoke Test Suite"]]>
              </value>
            </param>
          </params>
          <reporter-output>
          </reporter-output>
        </test-method> <!-- runScenario -->
        <test-method is-config="true" signature="tearDownClass()[pri:0, instance:runners.TestRunner@1460a8c0]" started-at="2026-05-27T22:40:33 EDT" name="tearDownClass" finished-at="2026-05-27T22:40:33 EDT" duration-ms="210" status="PASS">
          <reporter-output>
          </reporter-output>
        </test-method> <!-- tearDownClass -->
      </class> <!-- runners.TestRunner -->
    </test> <!-- Surefire test -->
  </suite> <!-- Surefire suite -->
</testng-results>
