<?xml version="1.0" encoding="UTF-8"?>
<!-- Generated by org.testng.reporters.JUnitReportReporter -->
<testsuite hostname="Mac" failures="1" tests="15" name="runners.TestRunner" time="115.546" errors="0" timestamp="2026-05-27T22:40:33 EDT" skipped="0">
  <testcase classname="runners.TestRunner" name="runScenario" time="3.737"/>
  <testcase classname="runners.TestRunner" name="runScenario" time="3.786"/>
  <testcase classname="runners.TestRunner" name="runScenario" time="6.112"/>
  <testcase classname="runners.TestRunner" name="runScenario" time="7.516">
    <failure message="❌ No products found in cart after adding expected [true] but found [false]" type="java.lang.AssertionError">
      <![CDATA[java.lang.AssertionError: ❌ No products found in cart after adding expected [true] but found [false]
at org.testng.Assert.fail(Assert.java:111)
at org.testng.Assert.failNotEquals(Assert.java:1578)
at org.testng.Assert.assertTrue(Assert.java:57)
at stepdefinitions.CommonSteps.products_should_be_added_successfully(CommonSteps.java:78)
at ✽.Products should be added successfully(file:///Users/ranajitchowdhury/eclipse-workspace/QaBrainsAutomationPlaywright/src/test/resources/features/RegressionTests.feature:10)
]]>
    </failure>
  </testcase> <!-- runScenario -->
  <testcase classname="runners.TestRunner" name="runScenario" time="8.451"/>
  <testcase classname="runners.TestRunner" name="runScenario" time="4.236"/>
  <testcase classname="runners.TestRunner" name="runScenario" time="6.385"/>
  <testcase classname="runners.TestRunner" name="runScenario" time="6.872"/>
  <testcase classname="runners.TestRunner" name="runScenario" time="2.140"/>
  <testcase classname="runners.TestRunner" name="runScenario" time="8.747"/>
  <testcase classname="runners.TestRunner" name="runScenario" time="3.863"/>
  <testcase classname="runners.TestRunner" name="runScenario" time="2.426"/>
  <testcase classname="runners.TestRunner" name="runScenario" time="36.825"/>
  <testcase classname="runners.TestRunner" name="runScenario" time="3.513"/>
  <testcase classname="runners.TestRunner" name="runScenario" time="10.937"/>
</testsuite> <!-- runners.TestRunner -->
